Conflict found, edit-config changes from config.xml will overwrite plugin.xml changes
cordova-plugin-androidx-adapter: Processed 131 source files in 2607ms
[cordova-plugin-push::before-compile] skipping before_compile hookscript.
Checking Java JDK and Android SDK versions
ANDROID_HOME=/usr/local/android-sdk/ (recommended setting)
ANDROID_SDK_ROOT=/usr/local/android-sdk/ (DEPRECATED)
Using Android SDK: /usr/local/android-sdk/

Welcome to Gradle 7.5.1!

Here are the highlights of this release:
 - Support for Java 18
 - Support for building with Groovy 4
 - Much more responsive continuous builds
 - Improved diagnostics for dependency resolution

For more details see https://docs.gradle.org/7.5.1/release-notes.html

To honour the JVM settings for this build a single-use Daemon process will be forked. See https://docs.gradle.org/7.5.1/userguide/gradle_daemon.html#sec:disabling_the_daemon.
Daemon will be stopped at the end of the build 
> Task :wrapper

Deprecated Gradle features were used in this build, making it incompatible with Gradle 8.0.

You can use '--warning-mode all' to show the individual deprecation warnings and determine if they come from your own scripts or plugins.

See https://docs.gradle.org/7.5.1/userguide/command_line_interface.html#sec:command_line_warnings

BUILD SUCCESSFUL in 8s
1 actionable task: 1 executed
Subproject Path: CordovaLib
Subproject Path: app
Downloading https://services.gradle.org/distributions/gradle-7.4.2-all.zip
...............10%...............20%...............30%...............40%...............50%................60%...............70%...............80%...............90%...............100%

Welcome to Gradle 7.4.2!

Here are the highlights of this release:
 - Aggregated test and JaCoCo reports
 - Marking additional test source directories as tests in IntelliJ
 - Support for Adoptium JDKs in Java toolchains

For more details see https://docs.gradle.org/7.4.2/release-notes.html

To honour the JVM settings for this build a single-use Daemon process will be forked. See https://docs.gradle.org/7.4.2/userguide/gradle_daemon.html#sec:disabling_the_daemon.
Daemon will be stopped at the end of the build 

> Configure project :app
Adding classpath: com.google.gms:google-services:4.3.10
Warning: The 'kotlin-android-extensions' Gradle plugin is deprecated. Please use this migration guide (https://goo.gle/kotlin-android-extensions-deprecation) to start working with View Binding (https://developer.android.com/topic/libraries/view-binding) and the 'kotlin-parcelize' plugin.
WARNING:We recommend using a newer Android Gradle plugin to use compileSdk = 33

This Android Gradle plugin (7.2.1) was tested up to compileSdk = 32

This warning can be suppressed by adding
    android.suppressUnsupportedCompileSdk=33
to this project's gradle.properties

The build will continue, but you are strongly encouraged to update your project to
use a newer Android Gradle Plugin that has been tested with compileSdk = 33
Checking the license for package Android SDK Platform 33 in /usr/local/android-sdk/licenses
License for package Android SDK Platform 33 accepted.
Preparing "Install Android SDK Platform 33 (revision: 3)".
"Install Android SDK Platform 33 (revision: 3)" ready.
Installing Android SDK Platform 33 in /usr/local/android-sdk/platforms/android-33
"Install Android SDK Platform 33 (revision: 3)" complete.
"Install Android SDK Platform 33 (revision: 3)" finished.

> Task :CordovaLib:preBuild UP-TO-DATE
> Task :CordovaLib:preReleaseBuild UP-TO-DATE
> Task :CordovaLib:compileReleaseAidl NO-SOURCE
> Task :CordovaLib:mergeReleaseJniLibFolders
> Task :CordovaLib:mergeReleaseNativeLibs NO-SOURCE
> Task :CordovaLib:stripReleaseDebugSymbols NO-SOURCE
> Task :CordovaLib:copyReleaseJniLibsProjectAndLocalJars

> Task :CordovaLib:compileReleaseRenderscript
The RenderScript APIs are deprecated. They will be removed in Android Gradle plugin 9.0. See the following link for a guide to migrate from RenderScript: https://developer.android.com/guide/topics/renderscript/migrate

> Task :CordovaLib:generateReleaseBuildConfig
> Task :CordovaLib:generateReleaseResValues
> Task :CordovaLib:generateReleaseResources
> Task :CordovaLib:packageReleaseResources
> Task :CordovaLib:parseReleaseLocalResources
> Task :CordovaLib:javaPreCompileRelease
> Task :CordovaLib:mergeReleaseShaders
> Task :CordovaLib:compileReleaseShaders NO-SOURCE
> Task :CordovaLib:generateReleaseAssets UP-TO-DATE
> Task :CordovaLib:packageReleaseAssets
> Task :CordovaLib:packageReleaseRenderscript
> Task :CordovaLib:prepareLintJarForPublish
> Task :CordovaLib:prepareReleaseArtProfile
> Task :CordovaLib:processReleaseJavaRes
> Task :CordovaLib:processReleaseManifest
> Task :CordovaLib:mergeReleaseJavaResource
> Task :CordovaLib:writeReleaseAarMetadata
> Task :app:buildKotlinToolingMetadata
> Task :app:preBuild UP-TO-DATE
> Task :app:preReleaseBuild UP-TO-DATE
> Task :app:compileReleaseAidl NO-SOURCE
> Task :app:compileReleaseRenderscript NO-SOURCE
> Task :CordovaLib:generateReleaseRFile
> Task :app:generateReleaseBuildConfig
> Task :CordovaLib:extractReleaseAnnotations

> Task :CordovaLib:compileReleaseJavaWithJavac
Note: Some input files use or override a deprecated API.
Note: Recompile with -Xlint:deprecation for details.

> Task :CordovaLib:mergeReleaseGeneratedProguardFiles
> Task :CordovaLib:mergeReleaseConsumerProguardFiles
> Task :CordovaLib:syncReleaseLibJars
> Task :CordovaLib:bundleReleaseLocalLintAar
> Task :app:generateReleaseResValues
> Task :app:generateReleaseResources
> Task :app:processReleaseGoogleServices
> Task :app:checkReleaseAarMetadata
> Task :app:createReleaseCompatibleScreenManifests
> Task :app:extractDeepLinksRelease
> Task :CordovaLib:extractDeepLinksRelease
> Task :app:processReleaseMainManifest
> Task :app:processReleaseManifest
> Task :app:processReleaseManifestForPackage
> Task :CordovaLib:compileReleaseLibraryResources
> Task :CordovaLib:bundleLibCompileToJarRelease
> Task :app:javaPreCompileRelease
> Task :app:extractProguardFiles
> Task :CordovaLib:bundleLibResRelease
> Task :CordovaLib:bundleLibRuntimeToJarRelease
> Task :CordovaLib:createFullJarRelease
> Task :CordovaLib:writeReleaseLintModelMetadata
> Task :app:mergeReleaseJniLibFolders
> Task :CordovaLib:copyReleaseJniLibsProjectOnly
> Task :app:mergeReleaseNativeLibs

> Task :app:stripReleaseDebugSymbols
Unable to strip the following libraries, packaging them as they are: libjnidispatch.so, libsodium.so, libsqlc-ndk-native-driver.so.

> Task :app:extractReleaseNativeSymbolTables
Unable to extract native debug metadata from /home/travis/build/moodlemobile/bma/platforms/android/app/build/intermediates/merged_native_libs/release/out/lib/armeabi/libsodium.so because unable to locate the objcopy executable for the armeabi ABI.
Unable to extract native debug metadata from /home/travis/build/moodlemobile/bma/platforms/android/app/build/intermediates/merged_native_libs/release/out/lib/armeabi/libjnidispatch.so because unable to locate the objcopy executable for the armeabi ABI.
Unable to extract native debug metadata from /home/travis/build/moodlemobile/bma/platforms/android/app/build/intermediates/merged_native_libs/release/out/lib/armeabi-v7a/libsodium.so because unable to locate the objcopy executable for the armeabi-v7a ABI.
Unable to extract native debug metadata from /home/travis/build/moodlemobile/bma/platforms/android/app/build/intermediates/merged_native_libs/release/out/lib/armeabi-v7a/libsqlc-ndk-native-driver.so because unable to locate the objcopy executable for the armeabi-v7a ABI.
Unable to extract native debug metadata from /home/travis/build/moodlemobile/bma/platforms/android/app/build/intermediates/merged_native_libs/release/out/lib/armeabi-v7a/libjnidispatch.so because unable to locate the objcopy executable for the armeabi-v7a ABI.
Unable to extract native debug metadata from /home/travis/build/moodlemobile/bma/platforms/android/app/build/intermediates/merged_native_libs/release/out/lib/x86_64/libsodium.so because unable to locate the objcopy executable for the x86_64 ABI.
Unable to extract native debug metadata from /home/travis/build/moodlemobile/bma/platforms/android/app/build/intermediates/merged_native_libs/release/out/lib/x86_64/libsqlc-ndk-native-driver.so because unable to locate the objcopy executable for the x86_64 ABI.
Unable to extract native debug metadata from /home/travis/build/moodlemobile/bma/platforms/android/app/build/intermediates/merged_native_libs/release/out/lib/x86_64/libjnidispatch.so because unable to locate the objcopy executable for the x86_64 ABI.
Unable to extract native debug metadata from /home/travis/build/moodlemobile/bma/platforms/android/app/build/intermediates/merged_native_libs/release/out/lib/mips64/libjnidispatch.so because unable to locate the objcopy executable for the mips64 ABI.
Unable to extract native debug metadata from /home/travis/build/moodlemobile/bma/platforms/android/app/build/intermediates/merged_native_libs/release/out/lib/arm64-v8a/libsodium.so because unable to locate the objcopy executable for the arm64-v8a ABI.
Unable to extract native debug metadata from /home/travis/build/moodlemobile/bma/platforms/android/app/build/intermediates/merged_native_libs/release/out/lib/arm64-v8a/libsqlc-ndk-native-driver.so because unable to locate the objcopy executable for the arm64-v8a ABI.
Unable to extract native debug metadata from /home/travis/build/moodlemobile/bma/platforms/android/app/build/intermediates/merged_native_libs/release/out/lib/arm64-v8a/libjnidispatch.so because unable to locate the objcopy executable for the arm64-v8a ABI.
Unable to extract native debug metadata from /home/travis/build/moodlemobile/bma/platforms/android/app/build/intermediates/merged_native_libs/release/out/lib/mips/libjnidispatch.so because unable to locate the objcopy executable for the mips ABI.
Unable to extract native debug metadata from /home/travis/build/moodlemobile/bma/platforms/android/app/build/intermediates/merged_native_libs/release/out/lib/x86/libsodium.so because unable to locate the objcopy executable for the x86 ABI.
Unable to extract native debug metadata from /home/travis/build/moodlemobile/bma/platforms/android/app/build/intermediates/merged_native_libs/release/out/lib/x86/libsqlc-ndk-native-driver.so because unable to locate the objcopy executable for the x86 ABI.
Unable to extract native debug metadata from /home/travis/build/moodlemobile/bma/platforms/android/app/build/intermediates/merged_native_libs/release/out/lib/x86/libjnidispatch.so because unable to locate the objcopy executable for the x86 ABI.

> Task :app:mergeReleaseNativeDebugMetadata NO-SOURCE
> Task :app:checkReleaseDuplicateClasses
> Task :app:desugarReleaseFileDependencies
> Task :app:mergeReleaseResources
> Task :app:mergeExtDexRelease
> Task :app:mapReleaseSourceSetPaths
> Task :app:mergeReleaseArtProfile
> Task :app:mergeReleaseShaders
> Task :app:compileReleaseShaders NO-SOURCE
> Task :app:generateReleaseAssets UP-TO-DATE
> Task :app:processReleaseResources
> Task :app:mergeReleaseAssets
> Task :app:compressReleaseAssets
> Task :app:processReleaseJavaRes NO-SOURCE
> Task :app:optimizeReleaseResources
> Task :app:collectReleaseDependencies
> Task :app:sdkReleaseDependencyData
> Task :app:validateSigningRelease
> Task :app:writeReleaseAppMetadata
> Task :app:writeReleaseSigningConfigVersions
> Task :app:compileReleaseKotlin
w: /home/travis/build/moodlemobile/bma/platforms/android/app/src/main/java/com/adobe/phonegap/push/FCMService.kt: (202, 17): 'get(String!): Any?' is deprecated. Deprecated in Java
w: /home/travis/build/moodlemobile/bma/platforms/android/app/src/main/java/com/adobe/phonegap/push/FCMService.kt: (349, 20): 'get(String!): Any?' is deprecated. Deprecated in Java
w: /home/travis/build/moodlemobile/bma/platforms/android/app/src/main/java/com/adobe/phonegap/push/FCMService.kt: (660, 33): 'constructor Builder(Context)' is deprecated. Deprecated in Java
w: /home/travis/build/moodlemobile/bma/platforms/android/app/src/main/java/com/adobe/phonegap/push/FCMService.kt: (961, 43): 'constructor MessagingStyle(CharSequence)' is deprecated. Deprecated in Java
w: /home/travis/build/moodlemobile/bma/platforms/android/app/src/main/java/com/adobe/phonegap/push/FCMService.kt: (1305, 37): 'fromHtml(String!): Spanned!' is deprecated. Deprecated in Java
w: /home/travis/build/moodlemobile/bma/platforms/android/app/src/main/java/com/adobe/phonegap/push/PushPlugin.kt: (97, 25): 'get(String!): Any?' is deprecated. Deprecated in Java

> Task :app:compileReleaseJavaWithJavac
Note: Some input files use or override a deprecated API.
Note: Recompile with -Xlint:deprecation for details.
Note: Some input files use unchecked or unsafe operations.
Note: Recompile with -Xlint:unchecked for details.

> Task :app:dexBuilderRelease
> Task :app:mergeDexRelease
> Task :app:compileReleaseArtProfile
> Task :app:mergeReleaseJavaResource
> Task :app:packageRelease
> Task :app:createReleaseApkListingFileRedirect
> Task :app:lintVitalAnalyzeRelease
> Task :app:lintVitalReportRelease
> Task :app:lintVitalRelease
> Task :app:assembleRelease
> Task :app:cdvBuildRelease

Deprecated Gradle features were used in this build, making it incompatible with Gradle 8.0.

You can use '--warning-mode all' to show the individual deprecation warnings and determine if they come from your own scripts or plugins.

See https://docs.gradle.org/7.4.2/userguide/command_line_interface.html#sec:command_line_warnings

BUILD SUCCESSFUL in 4m 14s
75 actionable tasks: 75 executed
Built the following apk(s): 
	/home/travis/build/moodlemobile/bma/platforms/android/app/build/outputs/apk/release/app-release.apk
