Conflict found, edit-config changes from config.xml will overwrite plugin.xml changes
cordova-plugin-androidx-adapter: Processed 131 source files in 2815ms
[cordova-plugin-push::before-compile] skipping before_compile hookscript.
Checking Java JDK and Android SDK versions
ANDROID_HOME=/usr/local/android-sdk/ (recommended setting)
ANDROID_SDK_ROOT=/usr/local/android-sdk/ (DEPRECATED)
Using Android SDK: /usr/local/android-sdk/
Subproject Path: CordovaLib
Subproject Path: app
To honour the JVM settings for this build a single-use Daemon process will be forked. See https://docs.gradle.org/7.4.2/userguide/gradle_daemon.html#sec:disabling_the_daemon.
Daemon will be stopped at the end of the build 

> Configure project :app
Adding classpath: com.google.gms:google-services:4.3.10
Warning: The 'kotlin-android-extensions' Gradle plugin is deprecated. Please use this migration guide (https://goo.gle/kotlin-android-extensions-deprecation) to start working with View Binding (https://developer.android.com/topic/libraries/view-binding) and the 'kotlin-parcelize' plugin.
WARNING:We recommend using a newer Android Gradle plugin to use compileSdk = 33

This Android Gradle plugin (7.2.1) was tested up to compileSdk = 32

This warning can be suppressed by adding
    android.suppressUnsupportedCompileSdk=33
to this project's gradle.properties

The build will continue, but you are strongly encouraged to update your project to
use a newer Android Gradle Plugin that has been tested with compileSdk = 33

> Task :app:preBuild UP-TO-DATE
> Task :app:preReleaseBuild UP-TO-DATE
> Task :CordovaLib:preBuild UP-TO-DATE
> Task :CordovaLib:preReleaseBuild UP-TO-DATE
> Task :CordovaLib:packageReleaseRenderscript UP-TO-DATE
> Task :app:compileReleaseRenderscript NO-SOURCE
> Task :app:generateReleaseResValues UP-TO-DATE
> Task :app:generateReleaseResources UP-TO-DATE
> Task :app:processReleaseGoogleServices UP-TO-DATE
> Task :CordovaLib:compileReleaseRenderscript UP-TO-DATE
> Task :CordovaLib:generateReleaseResValues UP-TO-DATE
> Task :CordovaLib:generateReleaseResources UP-TO-DATE
> Task :CordovaLib:packageReleaseResources UP-TO-DATE
> Task :app:mergeReleaseResources UP-TO-DATE
> Task :app:mapReleaseSourceSetPaths UP-TO-DATE
> Task :app:createReleaseCompatibleScreenManifests UP-TO-DATE
> Task :app:extractDeepLinksRelease UP-TO-DATE
> Task :CordovaLib:extractDeepLinksRelease UP-TO-DATE
> Task :CordovaLib:processReleaseManifest UP-TO-DATE
> Task :app:processReleaseMainManifest
> Task :app:processReleaseManifest
> Task :app:processApplicationManifestReleaseForBundle
> Task :CordovaLib:compileReleaseLibraryResources UP-TO-DATE
> Task :CordovaLib:compileReleaseAidl NO-SOURCE
> Task :CordovaLib:generateReleaseBuildConfig UP-TO-DATE
> Task :CordovaLib:parseReleaseLocalResources UP-TO-DATE
> Task :CordovaLib:generateReleaseRFile UP-TO-DATE
> Task :CordovaLib:javaPreCompileRelease UP-TO-DATE
> Task :CordovaLib:compileReleaseJavaWithJavac UP-TO-DATE
> Task :CordovaLib:bundleLibRuntimeToJarRelease UP-TO-DATE
> Task :app:checkReleaseDuplicateClasses UP-TO-DATE
> Task :app:buildKotlinToolingMetadata UP-TO-DATE
> Task :app:compileReleaseAidl NO-SOURCE
> Task :app:generateReleaseBuildConfig UP-TO-DATE
> Task :CordovaLib:writeReleaseAarMetadata UP-TO-DATE
> Task :app:checkReleaseAarMetadata UP-TO-DATE
> Task :app:processReleaseManifestForPackage
> Task :app:bundleReleaseResources
> Task :CordovaLib:bundleLibCompileToJarRelease UP-TO-DATE
> Task :app:javaPreCompileRelease UP-TO-DATE
> Task :app:desugarReleaseFileDependencies UP-TO-DATE
> Task :app:mergeExtDexRelease UP-TO-DATE
> Task :app:mergeReleaseShaders UP-TO-DATE
> Task :app:compileReleaseShaders NO-SOURCE
> Task :app:generateReleaseAssets UP-TO-DATE
> Task :CordovaLib:mergeReleaseShaders UP-TO-DATE
> Task :CordovaLib:compileReleaseShaders NO-SOURCE
> Task :CordovaLib:generateReleaseAssets UP-TO-DATE
> Task :CordovaLib:packageReleaseAssets UP-TO-DATE
> Task :app:processReleaseResources
> Task :app:mergeReleaseAssets UP-TO-DATE
> Task :app:compileReleaseKotlin UP-TO-DATE
> Task :app:compileReleaseJavaWithJavac UP-TO-DATE
> Task :app:dexBuilderRelease UP-TO-DATE
> Task :app:mergeDexRelease UP-TO-DATE
> Task :app:processReleaseJavaRes NO-SOURCE
> Task :CordovaLib:processReleaseJavaRes UP-TO-DATE
> Task :CordovaLib:bundleLibResRelease UP-TO-DATE
> Task :app:mergeReleaseJavaResource UP-TO-DATE
> Task :app:mergeReleaseJniLibFolders UP-TO-DATE
> Task :CordovaLib:mergeReleaseJniLibFolders UP-TO-DATE
> Task :CordovaLib:mergeReleaseNativeLibs NO-SOURCE
> Task :CordovaLib:copyReleaseJniLibsProjectOnly UP-TO-DATE
> Task :app:mergeReleaseNativeLibs UP-TO-DATE
> Task :app:stripReleaseDebugSymbols UP-TO-DATE
> Task :app:writeReleaseAppMetadata UP-TO-DATE
> Task :app:buildReleasePreBundle
> Task :CordovaLib:prepareReleaseArtProfile UP-TO-DATE
> Task :app:mergeReleaseArtProfile UP-TO-DATE
> Task :app:compileReleaseArtProfile UP-TO-DATE
> Task :app:collectReleaseDependencies UP-TO-DATE
> Task :app:configureReleaseDependencies
> Task :app:extractReleaseNativeSymbolTables UP-TO-DATE
> Task :app:validateSigningRelease UP-TO-DATE
> Task :app:parseReleaseIntegrityConfig
> Task :app:packageReleaseBundle
> Task :app:signReleaseBundle
> Task :app:produceReleaseBundleIdeListingFile
> Task :app:createReleaseBundleListingFileRedirect
> Task :app:bundleRelease

Deprecated Gradle features were used in this build, making it incompatible with Gradle 8.0.

You can use '--warning-mode all' to show the individual deprecation warnings and determine if they come from your own scripts or plugins.

See https://docs.gradle.org/7.4.2/userguide/command_line_interface.html#sec:command_line_warnings

BUILD SUCCESSFUL in 32s
64 actionable tasks: 13 executed, 51 up-to-date
Built the following bundle(s): 
	/home/travis/build/moodlemobile/bma/platforms/android/app/build/outputs/bundle/release/app-release.aab
